<?xml version="1.0" encoding="UTF-8"?>
<!-- Generated by org.testng.reporters.JUnitReportReporter -->
<testsuite skipped="0" hostname="wangfan" name="com.itcast.AppTest" tests="1" failures="0" timestamp="2020-03-07T05:02:39 CST" time="0.007" errors="0">
  <testcase name="shouldAnswerWithTrue" time="0.007" classname="com.itcast.AppTest"/>
  <system-out/>
</testsuite> <!-- com.itcast.AppTest -->
